           1
          65
  
  0.1000000000000E+00   0.9006481604759E-45
  0.1096478000000E+00   0.2131286811757E-22
  0.1202264000000E+00   0.4746116113459E-22
  0.1318257000000E+00   0.9612756004083E-22
  0.1445440000000E+00   0.1785688295684E-21
  0.1584893000000E+00   0.3066410277334E-21
  0.1737801000000E+00   0.4901312514879E-21
  0.1905461000000E+00   0.7338116896726E-21
  0.2089296000000E+00   0.1035253859042E-20
  0.2290868000000E+00   0.1383732250278E-20
  0.2511886000000E+00   0.1761310190197E-20
  0.2754229000000E+00   0.2149717952080E-20
  0.3019952000000E+00   0.2549139569084E-20
  0.3311311000000E+00   0.3420024921938E-20
  0.3630781000000E+00   0.4606733207570E-20
  0.3981072000000E+00   0.6229581760015E-20
  0.4365158000000E+00   0.1312217912586E-19
  0.4786301000000E+00   0.1532454566087E-19
  0.5248075000000E+00   0.2179505405712E-19
  0.5754399000000E+00   0.3409468393106E-19
  0.6309573000000E+00   0.3901535473796E-19
  0.6918310000000E+00   0.5119756549093E-19
  0.7585776000000E+00   0.6732143303399E-19
  0.8317638000000E+00   0.7562970144002E-19
  0.9120108000000E+00   0.8765513441447E-19
  0.1000000000000E+01   0.9850079300287E-19
  0.1165914000000E+01   0.1133541886714E-18
  0.1359356000000E+01   0.1331169945569E-18
  0.1584893000000E+01   0.1666355935902E-18
  0.1847850000000E+01   0.1487703974879E-18
  0.2154435000000E+01   0.1341623119876E-18
  0.2511886000000E+01   0.1008586293045E-18
  0.2928645000000E+01   0.9238720763594E-19
  0.3414549000000E+01   0.9185764503156E-19
  0.3981072000000E+01   0.8828843192542E-19
  0.4641589000000E+01   0.7962282272657E-19
  0.5411695000000E+01   0.8033629876518E-19
  0.6309573000000E+01   0.8185541052082E-19
  0.7356423000000E+01   0.8221066233846E-19
  0.8576959000000E+01   0.1222851514283E-18
  0.1000000000000E+02   0.1545017508431E-18
  0.1165914000000E+02   0.1478044514031E-18
  0.1359356000000E+02   0.1516154557924E-18
  0.1584893000000E+02   0.2033335760452E-18
  0.1847850000000E+02   0.2932768886433E-18
  0.2154435000000E+02   0.3348385003034E-18
  0.2511886000000E+02   0.3840766823645E-18
  0.2928645000000E+02   0.4404407092523E-18
  0.3414549000000E+02   0.5053177765771E-18
  0.3981072000000E+02   0.5800001158443E-18
  0.4641589000000E+02   0.6620759363691E-18
  0.5411695000000E+02   0.7573587798544E-18
  0.6309573000000E+02   0.8615355320491E-18
  0.7356423000000E+02   0.9691601826822E-18
  0.8576959000000E+02   0.1079706940346E-17
  0.1000000000000E+03   0.1182171324506E-17
  0.1668101000000E+03   0.1220869039081E-17
  0.2782559000000E+03   0.8607616593943E-18
  0.4641589000000E+03   0.4386269736971E-18
  0.7742637000000E+03   0.1764305951544E-18
  0.1291550000000E+04   0.6033532796421E-19
  0.2154435000000E+04   0.1626086956421E-19
  0.3593814000000E+04   0.3687290110031E-20
  0.5994843000000E+04   0.9849884753174E-21
  0.1000000000000E+05   0.1733400930899E-21
