           1
          65
  
  0.1000000000000E+00   0.6221639690134E-40
  0.1096478000000E+00   0.2131286811757E-22
  0.1202264000000E+00   0.4746116113459E-22
  0.1318257000000E+00   0.9612756004087E-22
  0.1445440000000E+00   0.1785688295703E-21
  0.1584893000000E+00   0.3066410277878E-21
  0.1737801000000E+00   0.4901312526331E-21
  0.1905461000000E+00   0.7338117077562E-21
  0.2089296000000E+00   0.1035254078914E-20
  0.2290868000000E+00   0.1383734357903E-20
  0.2511886000000E+00   0.1761326459691E-20
  0.2754229000000E+00   0.2149820627810E-20
  0.3019952000000E+00   0.2549678493993E-20
  0.3311311000000E+00   0.3422418018482E-20
  0.3630781000000E+00   0.4615859899980E-20
  0.3981072000000E+00   0.6259870711536E-20
  0.4365158000000E+00   0.1321070455216E-19
  0.4786301000000E+00   0.1555499920022E-19
  0.5248075000000E+00   0.2233492744524E-19
  0.5754399000000E+00   0.3524348063095E-19
  0.6309573000000E+00   0.4125524159305E-19
  0.6918310000000E+00   0.5523065791921E-19
  0.7585776000000E+00   0.7407709900899E-19
  0.8317638000000E+00   0.8622950761390E-19
  0.9120108000000E+00   0.1033324676748E-18
  0.1000000000000E+01   0.1204851599982E-18
  0.1165914000000E+01   0.1481873583433E-18
  0.1359356000000E+01   0.1826573738572E-18
  0.1584893000000E+01   0.2312370146082E-18
  0.1847850000000E+01   0.2274376643022E-18
  0.2154435000000E+01   0.2248632773192E-18
  0.2511886000000E+01   0.2010029027402E-18
  0.2928645000000E+01   0.1992498018861E-18
  0.3414549000000E+01   0.2028603478359E-18
  0.3981072000000E+01   0.2011263229609E-18
  0.4641589000000E+01   0.1923512147014E-18
  0.5411695000000E+01   0.1916223357399E-18
  0.6309573000000E+01   0.1908497364434E-18
  0.7356423000000E+01   0.1880570092592E-18
  0.8576959000000E+01   0.2256897615189E-18
  0.1000000000000E+02   0.2441370425287E-18
  0.1165914000000E+02   0.2280681641054E-18
  0.1359356000000E+02   0.2218352901920E-18
  0.1584893000000E+02   0.2382424826202E-18
  0.1847850000000E+02   0.2628974223555E-18
  0.2154435000000E+02   0.2657735953466E-18
  0.2511886000000E+02   0.2715578014428E-18
  0.2928645000000E+02   0.2794566555413E-18
  0.3414549000000E+02   0.2893939425757E-18
  0.3981072000000E+02   0.3009636564776E-18
  0.4641589000000E+02   0.3133043288190E-18
  0.5411695000000E+02   0.3267059425311E-18
  0.6309573000000E+02   0.3401887263487E-18
  0.7356423000000E+02   0.3535552600603E-18
  0.8576959000000E+02   0.3682087192006E-18
  0.1000000000000E+03   0.3838837620811E-18
  0.1668101000000E+03   0.3933460493836E-18
  0.2782559000000E+03   0.3218796191665E-18
  0.4641589000000E+03   0.1962355010996E-18
  0.7742637000000E+03   0.9203337341132E-19
  0.1291550000000E+04   0.3490729269951E-19
  0.2154435000000E+04   0.1015026070073E-19
  0.3593814000000E+04   0.2436734642841E-20
  0.5994843000000E+04   0.6712960602432E-21
  0.1000000000000E+05   0.1230091346176E-21
