           1
          65
  
  0.1000000000000E+00   0.1465912759334E-42
  0.1096478000000E+00   0.2131286811757E-22
  0.1202264000000E+00   0.4746116113459E-22
  0.1318257000000E+00   0.9612756004083E-22
  0.1445440000000E+00   0.1785688295684E-21
  0.1584893000000E+00   0.3066410277340E-21
  0.1737801000000E+00   0.4901312515026E-21
  0.1905461000000E+00   0.7338116899538E-21
  0.2089296000000E+00   0.1035253863103E-20
  0.2290868000000E+00   0.1383732296243E-20
  0.2511886000000E+00   0.1761310600716E-20
  0.2754229000000E+00   0.2149720834943E-20
  0.3019952000000E+00   0.2549156172297E-20
  0.3311311000000E+00   0.3420105198176E-20
  0.3630781000000E+00   0.4607064139868E-20
  0.3981072000000E+00   0.6230759068992E-20
  0.4365158000000E+00   0.1312583674565E-19
  0.4786301000000E+00   0.1533459053246E-19
  0.5248075000000E+00   0.2181970221538E-19
  0.5754399000000E+00   0.3414922340620E-19
  0.6309573000000E+00   0.3912513774598E-19
  0.6918310000000E+00   0.5140014034810E-19
  0.7585776000000E+00   0.6766655673205E-19
  0.8317638000000E+00   0.7617621091914E-19
  0.9120108000000E+00   0.8846442219652E-19
  0.1000000000000E+01   0.9962775539867E-19
  0.1165914000000E+01   0.1150874705329E-18
  0.1359356000000E+01   0.1354621020330E-18
  0.1584893000000E+01   0.1694993584055E-18
  0.1847850000000E+01   0.1520063116120E-18
  0.2154435000000E+01   0.1376141920028E-18
  0.2511886000000E+01   0.1043876279085E-18
  0.2928645000000E+01   0.9586894247287E-19
  0.3414549000000E+01   0.9516918788065E-19
  0.3981072000000E+01   0.9130848033923E-19
  0.4641589000000E+01   0.8224959742174E-19
  0.5411695000000E+01   0.8251726947018E-19
  0.6309573000000E+01   0.8360658573840E-19
  0.7356423000000E+01   0.8361420237632E-19
  0.8576959000000E+01   0.1265993263985E-18
  0.1000000000000E+02   0.1629349411538E-18
  0.1165914000000E+02   0.1567454996957E-18
  0.1359356000000E+02   0.1624789231613E-18
  0.1584893000000E+02   0.2255677789279E-18
  0.1847850000000E+02   0.3377899963670E-18
  0.2154435000000E+02   0.3944477159701E-18
  0.2511886000000E+02   0.4617758532653E-18
  0.2928645000000E+02   0.5386516230925E-18
  0.3414549000000E+02   0.6263001429546E-18
  0.3981072000000E+02   0.7261508455516E-18
  0.4641589000000E+02   0.8347140431477E-18
  0.5411695000000E+02   0.9588807403866E-18
  0.6309573000000E+02   0.1091369942329E-17
  0.7356423000000E+02   0.1223678224000E-17
  0.8576959000000E+02   0.1355070465017E-17
  0.1000000000000E+03   0.1471537975919E-17
  0.1668101000000E+03   0.1467560327778E-17
  0.2782559000000E+03   0.9960664007288E-18
  0.4641589000000E+03   0.4919213553696E-18
  0.7742637000000E+03   0.1933694900954E-18
  0.1291550000000E+04   0.6515761940369E-19
  0.2154435000000E+04   0.1737533167195E-19
  0.3593814000000E+04   0.3909461421474E-20
  0.5994843000000E+04   0.1040017668464E-20
  0.1000000000000E+05   0.1820643513645E-21
